mode: atomic
github.com/MamangRust/monolith-point-of-sale-test/base.go:28.38,38.102 7 0
github.com/MamangRust/monolith-point-of-sale-test/base.go:38.102,41.3 2 0
github.com/MamangRust/monolith-point-of-sale-test/base.go:43.2,46.45 4 0
github.com/MamangRust/monolith-point-of-sale-test/base.go:49.41,50.31 1 0
github.com/MamangRust/monolith-point-of-sale-test/base.go:50.31,52.3 1 0
github.com/MamangRust/monolith-point-of-sale-test/base.go:53.2,53.35 1 0
github.com/MamangRust/monolith-point-of-sale-test/base.go:53.35,55.3 1 0
github.com/MamangRust/monolith-point-of-sale-test/base.go:56.2,56.17 1 0
github.com/MamangRust/monolith-point-of-sale-test/base.go:56.17,58.3 1 0
github.com/MamangRust/monolith-point-of-sale-test/base.go:59.2,59.21 1 0
github.com/MamangRust/monolith-point-of-sale-test/base.go:59.21,61.3 1 0
github.com/MamangRust/monolith-point-of-sale-test/base.go:64.48,66.2 1 0
github.com/MamangRust/monolith-point-of-sale-test/base.go:68.55,70.2 1 0
github.com/MamangRust/monolith-point-of-sale-test/base.go:72.68,77.2 4 0
github.com/MamangRust/monolith-point-of-sale-test/base.go:79.69,83.2 3 0
github.com/MamangRust/monolith-point-of-sale-test/base.go:85.59,103.2 5 0
github.com/MamangRust/monolith-point-of-sale-test/base.go:105.63,112.2 3 0
github.com/MamangRust/monolith-point-of-sale-test/base.go:114.75,126.2 3 0
github.com/MamangRust/monolith-point-of-sale-test/base.go:128.94,142.2 3 0
github.com/MamangRust/monolith-point-of-sale-test/base.go:144.97,149.16 3 0
github.com/MamangRust/monolith-point-of-sale-test/base.go:149.16,156.3 2 0
github.com/MamangRust/monolith-point-of-sale-test/base.go:158.2,169.25 3 0
github.com/MamangRust/monolith-point-of-sale-test/base.go:172.92,180.2 4 0
github.com/MamangRust/monolith-point-of-sale-test/mock_upload.go:11.73,13.2 1 0
github.com/MamangRust/monolith-point-of-sale-test/mock_upload.go:15.106,17.2 1 0
github.com/MamangRust/monolith-point-of-sale-test/mock_upload.go:19.68,19.69 0 0
github.com/MamangRust/monolith-point-of-sale-test/mock_upload.go:21.90,23.2 1 0
github.com/MamangRust/monolith-point-of-sale-test/orchestration_helpers.go:78.44,103.2 14 0
github.com/MamangRust/monolith-point-of-sale-test/orchestration_helpers.go:105.44,132.2 15 0
github.com/MamangRust/monolith-point-of-sale-test/orchestration_helpers.go:134.44,161.2 16 0
github.com/MamangRust/monolith-point-of-sale-test/orchestration_helpers.go:163.48,185.2 12 0
github.com/MamangRust/monolith-point-of-sale-test/orchestration_helpers.go:187.47,209.2 12 0
github.com/MamangRust/monolith-point-of-sale-test/orchestration_helpers.go:211.48,212.35 1 0
github.com/MamangRust/monolith-point-of-sale-test/orchestration_helpers.go:212.35,214.3 1 0
github.com/MamangRust/monolith-point-of-sale-test/orchestration_helpers.go:216.2,238.39 13 0
github.com/MamangRust/monolith-point-of-sale-test/orchestration_helpers.go:241.45,242.38 1 0
github.com/MamangRust/monolith-point-of-sale-test/orchestration_helpers.go:242.38,244.3 1 0
github.com/MamangRust/monolith-point-of-sale-test/orchestration_helpers.go:245.2,245.39 1 0
github.com/MamangRust/monolith-point-of-sale-test/orchestration_helpers.go:245.39,247.3 1 0
github.com/MamangRust/monolith-point-of-sale-test/orchestration_helpers.go:248.2,248.38 1 0
github.com/MamangRust/monolith-point-of-sale-test/orchestration_helpers.go:248.38,250.3 1 0
github.com/MamangRust/monolith-point-of-sale-test/orchestration_helpers.go:251.2,251.41 1 0
github.com/MamangRust/monolith-point-of-sale-test/orchestration_helpers.go:251.41,253.3 1 0
github.com/MamangRust/monolith-point-of-sale-test/orchestration_helpers.go:255.2,280.39 16 0
github.com/MamangRust/monolith-point-of-sale-test/orchestration_helpers.go:283.51,284.38 1 0
github.com/MamangRust/monolith-point-of-sale-test/orchestration_helpers.go:284.38,286.3 1 0
github.com/MamangRust/monolith-point-of-sale-test/orchestration_helpers.go:287.2,287.39 1 0
github.com/MamangRust/monolith-point-of-sale-test/orchestration_helpers.go:287.39,289.3 1 0
github.com/MamangRust/monolith-point-of-sale-test/orchestration_helpers.go:290.2,290.36 1 0
github.com/MamangRust/monolith-point-of-sale-test/orchestration_helpers.go:290.36,292.3 1 0
github.com/MamangRust/monolith-point-of-sale-test/orchestration_helpers.go:293.2,293.41 1 0
github.com/MamangRust/monolith-point-of-sale-test/orchestration_helpers.go:293.41,295.3 1 0
github.com/MamangRust/monolith-point-of-sale-test/orchestration_helpers.go:297.2,322.39 16 0
github.com/MamangRust/monolith-point-of-sale-test/orchestration_helpers.go:325.49,347.2 12 0
github.com/MamangRust/monolith-point-of-sale-test/orchestration_helpers.go:349.47,350.35 1 0
github.com/MamangRust/monolith-point-of-sale-test/orchestration_helpers.go:350.35,352.3 1 0
github.com/MamangRust/monolith-point-of-sale-test/orchestration_helpers.go:353.2,353.39 1 0
github.com/MamangRust/monolith-point-of-sale-test/orchestration_helpers.go:353.39,355.3 1 0
github.com/MamangRust/monolith-point-of-sale-test/orchestration_helpers.go:357.2,380.39 14 0
github.com/MamangRust/monolith-point-of-sale-test/orchestration_helpers.go:383.60,387.2 3 0
github.com/MamangRust/monolith-point-of-sale-test/orchestration_helpers.go:389.59,392.2 2 0
github.com/MamangRust/monolith-point-of-sale-test/orchestration_helpers.go:394.122,397.29 3 0
github.com/MamangRust/monolith-point-of-sale-test/orchestration_helpers.go:397.29,400.3 2 0
github.com/MamangRust/monolith-point-of-sale-test/orchestration_helpers.go:401.2,404.43 4 0
github.com/MamangRust/monolith-point-of-sale-test/test_setup.go:32.43,46.16 3 0
github.com/MamangRust/monolith-point-of-sale-test/test_setup.go:46.16,48.3 1 0
github.com/MamangRust/monolith-point-of-sale-test/test_setup.go:50.2,51.16 2 0
github.com/MamangRust/monolith-point-of-sale-test/test_setup.go:51.16,53.3 1 0
github.com/MamangRust/monolith-point-of-sale-test/test_setup.go:56.2,57.16 2 0
github.com/MamangRust/monolith-point-of-sale-test/test_setup.go:57.16,59.3 1 0
github.com/MamangRust/monolith-point-of-sale-test/test_setup.go:61.2,62.16 2 0
github.com/MamangRust/monolith-point-of-sale-test/test_setup.go:62.16,64.3 1 0
github.com/MamangRust/monolith-point-of-sale-test/test_setup.go:66.2,76.16 3 0
github.com/MamangRust/monolith-point-of-sale-test/test_setup.go:76.16,78.3 1 0
github.com/MamangRust/monolith-point-of-sale-test/test_setup.go:80.2,81.6 2 0
github.com/MamangRust/monolith-point-of-sale-test/test_setup.go:81.6,82.69 1 0
github.com/MamangRust/monolith-point-of-sale-test/test_setup.go:82.69,83.9 1 0
github.com/MamangRust/monolith-point-of-sale-test/test_setup.go:85.3,86.21 2 0
github.com/MamangRust/monolith-point-of-sale-test/test_setup.go:86.21,88.4 1 0
github.com/MamangRust/monolith-point-of-sale-test/test_setup.go:89.3,89.16 1 0
github.com/MamangRust/monolith-point-of-sale-test/test_setup.go:92.2,93.56 2 0
github.com/MamangRust/monolith-point-of-sale-test/test_setup.go:93.56,96.3 2 0
github.com/MamangRust/monolith-point-of-sale-test/test_setup.go:98.2,98.46 1 0
github.com/MamangRust/monolith-point-of-sale-test/test_setup.go:98.46,101.3 2 0
github.com/MamangRust/monolith-point-of-sale-test/test_setup.go:103.2,103.16 1 0
github.com/MamangRust/monolith-point-of-sale-test/test_setup.go:109.47,119.2 4 0
github.com/MamangRust/monolith-point-of-sale-test/test_setup.go:121.64,123.16 2 0
github.com/MamangRust/monolith-point-of-sale-test/test_setup.go:123.16,125.3 1 0
github.com/MamangRust/monolith-point-of-sale-test/test_setup.go:126.2,128.52 2 0
github.com/MamangRust/monolith-point-of-sale-test/test_setup.go:128.52,130.3 1 0
github.com/MamangRust/monolith-point-of-sale-test/test_setup.go:132.2,132.12 1 0
github.com/MamangRust/monolith-point-of-sale-test/test_setup.go:135.45,138.2 2 0
github.com/MamangRust/monolith-point-of-sale-test/test_setup.go:140.52,143.2 2 0
github.com/MamangRust/monolith-point-of-sale-test/test_setup.go:145.33,146.27 1 0
github.com/MamangRust/monolith-point-of-sale-test/test_setup.go:146.27,147.58 1 0
github.com/MamangRust/monolith-point-of-sale-test/test_setup.go:147.58,149.4 1 0
github.com/MamangRust/monolith-point-of-sale-test/test_setup.go:151.2,151.30 1 0
github.com/MamangRust/monolith-point-of-sale-test/test_setup.go:151.30,152.61 1 0
github.com/MamangRust/monolith-point-of-sale-test/test_setup.go:152.61,154.4 1 0
github.com/MamangRust/monolith-point-of-sale-test/test_setup.go:164.57,166.16 2 0
github.com/MamangRust/monolith-point-of-sale-test/test_setup.go:166.16,168.3 1 0
github.com/MamangRust/monolith-point-of-sale-test/test_setup.go:169.2,169.12 1 0
github.com/MamangRust/monolith-point-of-sale-test/test_setup.go:169.12,170.43 1 0
github.com/MamangRust/monolith-point-of-sale-test/test_setup.go:170.43,172.4 1 0
github.com/MamangRust/monolith-point-of-sale-test/test_setup.go:174.2,174.33 1 0
